build/app/intermediates/manifest_merge_blame_file/debug/manifest-merger-blame-debug-report.txt
1<?xml version="1.0" encoding="utf-8"?>
2<manifest xmlns:android="http://schemas.android.com/apk/res/android"
3    package="com.example.chat"
4    android:versionCode="1"
5    android:versionName="1.0.0" >
6
7    <uses-sdk
8        android:minSdkVersion="21"
9        android:targetSdkVersion="31" />
10    <!--
11         Flutter needs it to communicate with the running application
12         to allow setting breakpoints, to provide hot reload, etc.
13    -->
14    <uses-permission android:name="android.permission.INTERNET" />
14-->src/debug/AndroidManifest.xml:6:5-66
14-->src/debug/AndroidManifest.xml:6:22-64
15    <uses-permission android:name="android.permission.WAKE_LOCK" />
15-->[:firebase_messaging] AndroidManifest.xml:8:5-68
15-->[:firebase_messaging] AndroidManifest.xml:8:22-65
16    <uses-permission android:name="android.permission.ACCESS_NETWORK_STATE" /> <!-- Required by older versions of Google Play services to create IID tokens -->
16-->[:firebase_messaging] AndroidManifest.xml:9:5-79
16-->[:firebase_messaging] AndroidManifest.xml:9:22-76
17    <uses-permission android:name="com.google.android.c2dm.permission.RECEIVE" />
17-->[com.google.firebase:firebase-messaging:23.0.0] AndroidManifest.xml:25:5-82
17-->[com.google.firebase:firebase-messaging:23.0.0] AndroidManifest.xml:25:22-79
18
19    <application
20        android:name="android.app.Application"
21        android:appComponentFactory="androidx.core.app.CoreComponentFactory"
21-->[androidx.core:core:1.6.0] AndroidManifest.xml:24:18-86
22        android:debuggable="true"
23        android:icon="@mipmap/ic_launcher"
24        android:label="chat" >
25        <activity
26            android:name="com.example.chat.MainActivity"
27            android:configChanges="orientation|keyboardHidden|keyboard|screenSize|smallestScreenSize|locale|layoutDirection|fontScale|screenLayout|density|uiMode"
28            android:exported="true"
29            android:hardwareAccelerated="true"
30            android:launchMode="singleTop"
31            android:theme="@style/LaunchTheme"
32            android:windowSoftInputMode="adjustResize" >
33
34            <!--
35                 Specifies an Android theme to apply to this Activity as soon as
36                 the Android process has started. This theme is visible to the user
37                 while the Flutter UI initializes. After that, this theme continues
38                 to determine the Window background behind the Flutter UI.
39            -->
40            <meta-data
41                android:name="io.flutter.embedding.android.NormalTheme"
42                android:resource="@style/NormalTheme" />
43
44            <intent-filter>
45                <action android:name="android.intent.action.MAIN" />
46
47                <category android:name="android.intent.category.LAUNCHER" />
48            </intent-filter>
49        </activity>
50        <!--
51             Don't delete the meta-data below.
52             This is used by the Flutter tool to generate GeneratedPluginRegistrant.java
53        -->
54        <meta-data
55            android:name="flutterEmbedding"
56            android:value="2" />
57
58        <service
58-->[:firebase_auth] AndroidManifest.xml:8:9-12:19
59            android:name="com.google.firebase.components.ComponentDiscoveryService"
59-->[:firebase_auth] AndroidManifest.xml:8:18-89
60            android:directBootAware="true"
60-->[com.google.firebase:firebase-common:20.0.0] AndroidManifest.xml:35:13-43
61            android:exported="false" >
61-->[com.google.firebase:firebase-auth:21.0.1] AndroidManifest.xml:76:13-37
62            <meta-data
62-->[:firebase_auth] AndroidManifest.xml:9:13-11:85
63                android:name="com.google.firebase.components:io.flutter.plugins.firebase.auth.FlutterFirebaseAuthRegistrar"
63-->[:firebase_auth] AndroidManifest.xml:10:17-124
64                android:value="com.google.firebase.components.ComponentRegistrar" />
64-->[:firebase_auth] AndroidManifest.xml:11:17-82
65            <meta-data
65-->[:firebase_storage] AndroidManifest.xml:9:13-11:85
66                android:name="com.google.firebase.components:io.flutter.plugins.firebase.storage.FlutterFirebaseAppRegistrar"
66-->[:firebase_storage] AndroidManifest.xml:10:17-126
67                android:value="com.google.firebase.components.ComponentRegistrar" />
67-->[:firebase_storage] AndroidManifest.xml:11:17-82
68            <meta-data
68-->[:cloud_firestore] AndroidManifest.xml:9:13-11:85
69                android:name="com.google.firebase.components:io.flutter.plugins.firebase.firestore.FlutterFirebaseFirestoreRegistrar"
69-->[:cloud_firestore] AndroidManifest.xml:10:17-134
70                android:value="com.google.firebase.components.ComponentRegistrar" />
70-->[:cloud_firestore] AndroidManifest.xml:11:17-82
71            <meta-data
71-->[:firebase_messaging] AndroidManifest.xml:34:13-36:85
72                android:name="com.google.firebase.components:io.flutter.plugins.firebase.messaging.FlutterFirebaseAppRegistrar"
72-->[:firebase_messaging] AndroidManifest.xml:35:17-128
73                android:value="com.google.firebase.components.ComponentRegistrar" />
73-->[:firebase_messaging] AndroidManifest.xml:36:17-82
74            <meta-data
74-->[:firebase_core] AndroidManifest.xml:9:13-11:85
75                android:name="com.google.firebase.components:io.flutter.plugins.firebase.core.FlutterFirebaseCoreRegistrar"
75-->[:firebase_core] AndroidManifest.xml:10:17-124
76                android:value="com.google.firebase.components.ComponentRegistrar" />
76-->[:firebase_core] AndroidManifest.xml:11:17-82
77            <meta-data
77-->[com.google.firebase:firebase-auth:21.0.1] AndroidManifest.xml:77:13-79:85
78                android:name="com.google.firebase.components:com.google.firebase.auth.FirebaseAuthRegistrar"
78-->[com.google.firebase:firebase-auth:21.0.1] AndroidManifest.xml:78:17-109
79                android:value="com.google.firebase.components.ComponentRegistrar" />
79-->[com.google.firebase:firebase-auth:21.0.1] AndroidManifest.xml:79:17-82
80            <meta-data
80-->[com.google.firebase:firebase-firestore:24.0.1] AndroidManifest.xml:20:13-22:85
81                android:name="com.google.firebase.components:com.google.firebase.firestore.FirestoreRegistrar"
81-->[com.google.firebase:firebase-firestore:24.0.1] AndroidManifest.xml:21:17-111
82                android:value="com.google.firebase.components.ComponentRegistrar" />
82-->[com.google.firebase:firebase-firestore:24.0.1] AndroidManifest.xml:22:17-82
83            <meta-data
83-->[com.google.firebase:firebase-messaging:23.0.0] AndroidManifest.xml:52:13-54:85
84                android:name="com.google.firebase.components:com.google.firebase.messaging.FirebaseMessagingRegistrar"
84-->[com.google.firebase:firebase-messaging:23.0.0] AndroidManifest.xml:53:17-119
85                android:value="com.google.firebase.components.ComponentRegistrar" />
85-->[com.google.firebase:firebase-messaging:23.0.0] AndroidManifest.xml:54:17-82
86            <meta-data
86-->[com.google.firebase:firebase-storage:20.0.0] AndroidManifest.xml:33:13-35:85
87                android:name="com.google.firebase.components:com.google.firebase.storage.StorageRegistrar"
87-->[com.google.firebase:firebase-storage:20.0.0] AndroidManifest.xml:34:17-107
88                android:value="com.google.firebase.components.ComponentRegistrar" />
88-->[com.google.firebase:firebase-storage:20.0.0] AndroidManifest.xml:35:17-82
89            <meta-data
89-->[com.google.firebase:firebase-datatransport:18.0.0] AndroidManifest.xml:28:13-30:85
90                android:name="com.google.firebase.components:com.google.firebase.datatransport.TransportRegistrar"
90-->[com.google.firebase:firebase-datatransport:18.0.0] AndroidManifest.xml:29:17-115
91                android:value="com.google.firebase.components.ComponentRegistrar" />
91-->[com.google.firebase:firebase-datatransport:18.0.0] AndroidManifest.xml:30:17-82
92            <meta-data
92-->[com.google.firebase:firebase-installations:17.0.0] AndroidManifest.xml:18:13-20:85
93                android:name="com.google.firebase.components:com.google.firebase.installations.FirebaseInstallationsRegistrar"
93-->[com.google.firebase:firebase-installations:17.0.0] AndroidManifest.xml:19:17-127
94                android:value="com.google.firebase.components.ComponentRegistrar" />
94-->[com.google.firebase:firebase-installations:17.0.0] AndroidManifest.xml:20:17-82
95        </service>
96        <service
96-->[:firebase_messaging] AndroidManifest.xml:12:9-15:72
97            android:name="io.flutter.plugins.firebase.messaging.FlutterFirebaseMessagingBackgroundService"
97-->[:firebase_messaging] AndroidManifest.xml:13:13-107
98            android:exported="false"
98-->[:firebase_messaging] AndroidManifest.xml:14:13-37
99            android:permission="android.permission.BIND_JOB_SERVICE" />
99-->[:firebase_messaging] AndroidManifest.xml:15:13-69
100        <service
100-->[:firebase_messaging] AndroidManifest.xml:16:9-22:19
101            android:name="io.flutter.plugins.firebase.messaging.FlutterFirebaseMessagingService"
101-->[:firebase_messaging] AndroidManifest.xml:17:13-97
102            android:exported="false" >
102-->[:firebase_messaging] AndroidManifest.xml:18:13-37
103            <intent-filter>
103-->[:firebase_messaging] AndroidManifest.xml:19:13-21:29
104                <action android:name="com.google.firebase.MESSAGING_EVENT" />
104-->[:firebase_messaging] AndroidManifest.xml:20:17-78
104-->[:firebase_messaging] AndroidManifest.xml:20:25-75
105            </intent-filter>
106        </service>
107
108        <receiver
108-->[:firebase_messaging] AndroidManifest.xml:24:9-31:20
109            android:name="io.flutter.plugins.firebase.messaging.FlutterFirebaseMessagingReceiver"
109-->[:firebase_messaging] AndroidManifest.xml:25:13-98
110            android:exported="true"
110-->[:firebase_messaging] AndroidManifest.xml:26:13-36
111            android:permission="com.google.android.c2dm.permission.SEND" >
111-->[:firebase_messaging] AndroidManifest.xml:27:13-73
112            <intent-filter>
112-->[:firebase_messaging] AndroidManifest.xml:28:13-30:29
113                <action android:name="com.google.android.c2dm.intent.RECEIVE" />
113-->[:firebase_messaging] AndroidManifest.xml:29:17-81
113-->[:firebase_messaging] AndroidManifest.xml:29:25-78
114            </intent-filter>
115        </receiver>
116
117        <provider
117-->[:firebase_messaging] AndroidManifest.xml:39:9-43:38
118            android:name="io.flutter.plugins.firebase.messaging.FlutterFirebaseMessagingInitProvider"
118-->[:firebase_messaging] AndroidManifest.xml:40:13-102
119            android:authorities="com.example.chat.flutterfirebasemessaginginitprovider"
119-->[:firebase_messaging] AndroidManifest.xml:41:13-88
120            android:exported="false"
120-->[:firebase_messaging] AndroidManifest.xml:42:13-37
121            android:initOrder="99" />
121-->[:firebase_messaging] AndroidManifest.xml:43:13-35
122        <provider
122-->[:image_picker] AndroidManifest.xml:8:9-16:20
123            android:name="io.flutter.plugins.imagepicker.ImagePickerFileProvider"
123-->[:image_picker] AndroidManifest.xml:9:13-82
124            android:authorities="com.example.chat.flutter.image_provider"
124-->[:image_picker] AndroidManifest.xml:10:13-74
125            android:exported="false"
125-->[:image_picker] AndroidManifest.xml:11:13-37
126            android:grantUriPermissions="true" >
126-->[:image_picker] AndroidManifest.xml:12:13-47
127            <meta-data
127-->[:image_picker] AndroidManifest.xml:13:13-15:75
128                android:name="android.support.FILE_PROVIDER_PATHS"
128-->[:image_picker] AndroidManifest.xml:14:17-67
129                android:resource="@xml/flutter_image_picker_file_paths" />
129-->[:image_picker] AndroidManifest.xml:15:17-72
130        </provider>
131
132        <uses-library
132-->[androidx.window:window:1.0.0-beta04] AndroidManifest.xml:25:9-27:40
133            android:name="androidx.window.extensions"
133-->[androidx.window:window:1.0.0-beta04] AndroidManifest.xml:26:13-54
134            android:required="false" />
134-->[androidx.window:window:1.0.0-beta04] AndroidManifest.xml:27:13-37
135        <uses-library
135-->[androidx.window:window:1.0.0-beta04] AndroidManifest.xml:28:9-30:40
136            android:name="androidx.window.sidecar"
136-->[androidx.window:window:1.0.0-beta04] AndroidManifest.xml:29:13-51
137            android:required="false" />
137-->[androidx.window:window:1.0.0-beta04] AndroidManifest.xml:30:13-37
138
139        <activity
139-->[com.google.firebase:firebase-auth:21.0.1] AndroidManifest.xml:27:9-44:20
140            android:name="com.google.firebase.auth.internal.GenericIdpActivity"
140-->[com.google.firebase:firebase-auth:21.0.1] AndroidManifest.xml:28:13-80
141            android:excludeFromRecents="true"
141-->[com.google.firebase:firebase-auth:21.0.1] AndroidManifest.xml:29:13-46
142            android:exported="true"
142-->[com.google.firebase:firebase-auth:21.0.1] AndroidManifest.xml:30:13-36
143            android:launchMode="singleTask"
143-->[com.google.firebase:firebase-auth:21.0.1] AndroidManifest.xml:31:13-44
144            android:theme="@android:style/Theme.Translucent.NoTitleBar" >
144-->[com.google.firebase:firebase-auth:21.0.1] AndroidManifest.xml:32:13-72
145            <intent-filter>
145-->[com.google.firebase:firebase-auth:21.0.1] AndroidManifest.xml:33:13-43:29
146                <action android:name="android.intent.action.VIEW" />
146-->[com.google.firebase:firebase-auth:21.0.1] AndroidManifest.xml:34:17-69
146-->[com.google.firebase:firebase-auth:21.0.1] AndroidManifest.xml:34:25-66
147
148                <category android:name="android.intent.category.DEFAULT" />
148-->[com.google.firebase:firebase-auth:21.0.1] AndroidManifest.xml:36:17-76
148-->[com.google.firebase:firebase-auth:21.0.1] AndroidManifest.xml:36:27-73
149                <category android:name="android.intent.category.BROWSABLE" />
149-->[com.google.firebase:firebase-auth:21.0.1] AndroidManifest.xml:37:17-78
149-->[com.google.firebase:firebase-auth:21.0.1] AndroidManifest.xml:37:27-75
150
151                <data
151-->[com.google.firebase:firebase-auth:21.0.1] AndroidManifest.xml:39:17-42:51
152                    android:host="firebase.auth"
152-->[com.google.firebase:firebase-auth:21.0.1] AndroidManifest.xml:40:21-49
153                    android:path="/"
153-->[com.google.firebase:firebase-auth:21.0.1] AndroidManifest.xml:41:21-37
154                    android:scheme="genericidp" />
154-->[com.google.firebase:firebase-auth:21.0.1] AndroidManifest.xml:42:21-48
155            </intent-filter>
156        </activity>
157        <activity
157-->[com.google.firebase:firebase-auth:21.0.1] AndroidManifest.xml:45:9-62:20
158            android:name="com.google.firebase.auth.internal.RecaptchaActivity"
158-->[com.google.firebase:firebase-auth:21.0.1] AndroidManifest.xml:46:13-79
159            android:excludeFromRecents="true"
159-->[com.google.firebase:firebase-auth:21.0.1] AndroidManifest.xml:47:13-46
160            android:exported="true"
160-->[com.google.firebase:firebase-auth:21.0.1] AndroidManifest.xml:48:13-36
161            android:launchMode="singleTask"
161-->[com.google.firebase:firebase-auth:21.0.1] AndroidManifest.xml:49:13-44
162            android:theme="@android:style/Theme.Translucent.NoTitleBar" >
162-->[com.google.firebase:firebase-auth:21.0.1] AndroidManifest.xml:50:13-72
163            <intent-filter>
163-->[com.google.firebase:firebase-auth:21.0.1] AndroidManifest.xml:51:13-61:29
164                <action android:name="android.intent.action.VIEW" />
164-->[com.google.firebase:firebase-auth:21.0.1] AndroidManifest.xml:34:17-69
164-->[com.google.firebase:firebase-auth:21.0.1] AndroidManifest.xml:34:25-66
165
166                <category android:name="android.intent.category.DEFAULT" />
166-->[com.google.firebase:firebase-auth:21.0.1] AndroidManifest.xml:36:17-76
166-->[com.google.firebase:firebase-auth:21.0.1] AndroidManifest.xml:36:27-73
167                <category android:name="android.intent.category.BROWSABLE" />
167-->[com.google.firebase:firebase-auth:21.0.1] AndroidManifest.xml:37:17-78
167-->[com.google.firebase:firebase-auth:21.0.1] AndroidManifest.xml:37:27-75
168
169                <data
169-->[com.google.firebase:firebase-auth:21.0.1] AndroidManifest.xml:39:17-42:51
170                    android:host="firebase.auth"
170-->[com.google.firebase:firebase-auth:21.0.1] AndroidManifest.xml:40:21-49
171                    android:path="/"
171-->[com.google.firebase:firebase-auth:21.0.1] AndroidManifest.xml:41:21-37
172                    android:scheme="recaptcha" />
172-->[com.google.firebase:firebase-auth:21.0.1] AndroidManifest.xml:42:21-48
173            </intent-filter>
174        </activity>
175
176        <service
176-->[com.google.firebase:firebase-auth:21.0.1] AndroidManifest.xml:64:9-73:19
177            android:name="com.google.firebase.auth.api.fallback.service.FirebaseAuthFallbackService"
177-->[com.google.firebase:firebase-auth:21.0.1] AndroidManifest.xml:65:13-101
178            android:enabled="true"
178-->[com.google.firebase:firebase-auth:21.0.1] AndroidManifest.xml:66:13-35
179            android:exported="false" >
179-->[com.google.firebase:firebase-auth:21.0.1] AndroidManifest.xml:67:13-37
180            <intent-filter>
180-->[com.google.firebase:firebase-auth:21.0.1] AndroidManifest.xml:68:13-72:29
181                <action android:name="com.google.firebase.auth.api.gms.service.START" />
181-->[com.google.firebase:firebase-auth:21.0.1] AndroidManifest.xml:69:17-89
181-->[com.google.firebase:firebase-auth:21.0.1] AndroidManifest.xml:69:25-86
182
183                <category android:name="android.intent.category.DEFAULT" />
183-->[com.google.firebase:firebase-auth:21.0.1] AndroidManifest.xml:36:17-76
183-->[com.google.firebase:firebase-auth:21.0.1] AndroidManifest.xml:36:27-73
184            </intent-filter>
185        </service>
186
187        <receiver
187-->[com.google.firebase:firebase-messaging:23.0.0] AndroidManifest.xml:28:9-35:20
188            android:name="com.google.firebase.iid.FirebaseInstanceIdReceiver"
188-->[com.google.firebase:firebase-messaging:23.0.0] AndroidManifest.xml:29:13-78
189            android:exported="true"
189-->[com.google.firebase:firebase-messaging:23.0.0] AndroidManifest.xml:30:13-36
190            android:permission="com.google.android.c2dm.permission.SEND" >
190-->[com.google.firebase:firebase-messaging:23.0.0] AndroidManifest.xml:31:13-73
191            <intent-filter>
191-->[:firebase_messaging] AndroidManifest.xml:28:13-30:29
192                <action android:name="com.google.android.c2dm.intent.RECEIVE" />
192-->[:firebase_messaging] AndroidManifest.xml:29:17-81
192-->[:firebase_messaging] AndroidManifest.xml:29:25-78
193            </intent-filter>
194        </receiver>
195        <!--
196             FirebaseMessagingService performs security checks at runtime,
197             but set to not exported to explicitly avoid allowing another app to call it.
198        -->
199        <service
199-->[com.google.firebase:firebase-messaging:23.0.0] AndroidManifest.xml:41:9-48:19
200            android:name="com.google.firebase.messaging.FirebaseMessagingService"
200-->[com.google.firebase:firebase-messaging:23.0.0] AndroidManifest.xml:42:13-82
201            android:directBootAware="true"
201-->[com.google.firebase:firebase-messaging:23.0.0] AndroidManifest.xml:43:13-43
202            android:exported="false" >
202-->[com.google.firebase:firebase-messaging:23.0.0] AndroidManifest.xml:44:13-37
203            <intent-filter android:priority="-500" >
203-->[:firebase_messaging] AndroidManifest.xml:19:13-21:29
204                <action android:name="com.google.firebase.MESSAGING_EVENT" />
204-->[:firebase_messaging] AndroidManifest.xml:20:17-78
204-->[:firebase_messaging] AndroidManifest.xml:20:25-75
205            </intent-filter>
206        </service>
207
208        <provider
208-->[com.google.firebase:firebase-common:20.0.0] AndroidManifest.xml:26:9-31:39
209            android:name="com.google.firebase.provider.FirebaseInitProvider"
209-->[com.google.firebase:firebase-common:20.0.0] AndroidManifest.xml:27:13-77
210            android:authorities="com.example.chat.firebaseinitprovider"
210-->[com.google.firebase:firebase-common:20.0.0] AndroidManifest.xml:28:13-72
211            android:directBootAware="true"
211-->[com.google.firebase:firebase-common:20.0.0] AndroidManifest.xml:29:13-43
212            android:exported="false"
212-->[com.google.firebase:firebase-common:20.0.0] AndroidManifest.xml:30:13-37
213            android:initOrder="100" />
213-->[com.google.firebase:firebase-common:20.0.0] AndroidManifest.xml:31:13-36
214
215        <activity
215-->[com.google.android.gms:play-services-base:17.1.0] AndroidManifest.xml:23:9-26:75
216            android:name="com.google.android.gms.common.api.GoogleApiActivity"
216-->[com.google.android.gms:play-services-base:17.1.0] AndroidManifest.xml:24:13-79
217            android:exported="false"
217-->[com.google.android.gms:play-services-base:17.1.0] AndroidManifest.xml:25:13-37
218            android:theme="@android:style/Theme.Translucent.NoTitleBar" />
218-->[com.google.android.gms:play-services-base:17.1.0] AndroidManifest.xml:26:13-72
219
220        <meta-data
220-->[com.google.android.gms:play-services-basement:17.1.0] AndroidManifest.xml:23:9-25:69
221            android:name="com.google.android.gms.version"
221-->[com.google.android.gms:play-services-basement:17.1.0] AndroidManifest.xml:24:13-58
222            android:value="@integer/google_play_services_version" />
222-->[com.google.android.gms:play-services-basement:17.1.0] AndroidManifest.xml:25:13-66
223
224        <service
224-->[com.google.android.datatransport:transport-backend-cct:3.0.0] AndroidManifest.xml:29:9-35:19
225            android:name="com.google.android.datatransport.runtime.backends.TransportBackendDiscovery"
225-->[com.google.android.datatransport:transport-backend-cct:3.0.0] AndroidManifest.xml:30:13-103
226            android:exported="false" >
226-->[com.google.android.datatransport:transport-backend-cct:3.0.0] AndroidManifest.xml:31:13-37
227            <meta-data
227-->[com.google.android.datatransport:transport-backend-cct:3.0.0] AndroidManifest.xml:32:13-34:39
228                android:name="backend:com.google.android.datatransport.cct.CctBackendFactory"
228-->[com.google.android.datatransport:transport-backend-cct:3.0.0] AndroidManifest.xml:33:17-94
229                android:value="cct" />
229-->[com.google.android.datatransport:transport-backend-cct:3.0.0] AndroidManifest.xml:34:17-36
230        </service>
231        <service
231-->[com.google.android.datatransport:transport-runtime:3.0.0] AndroidManifest.xml:26:9-30:19
232            android:name="com.google.android.datatransport.runtime.scheduling.jobscheduling.JobInfoSchedulerService"
232-->[com.google.android.datatransport:transport-runtime:3.0.0] AndroidManifest.xml:27:13-117
233            android:exported="false"
233-->[com.google.android.datatransport:transport-runtime:3.0.0] AndroidManifest.xml:28:13-37
234            android:permission="android.permission.BIND_JOB_SERVICE" >
234-->[com.google.android.datatransport:transport-runtime:3.0.0] AndroidManifest.xml:29:13-69
235        </service>
236
237        <receiver
237-->[com.google.android.datatransport:transport-runtime:3.0.0] AndroidManifest.xml:32:9-34:40
238            android:name="com.google.android.datatransport.runtime.scheduling.jobscheduling.AlarmManagerSchedulerBroadcastReceiver"
238-->[com.google.android.datatransport:transport-runtime:3.0.0] AndroidManifest.xml:33:13-132
239            android:exported="false" />
239-->[com.google.android.datatransport:transport-runtime:3.0.0] AndroidManifest.xml:34:13-37
240    </application>
241
242</manifest>